# JRE version: OpenJDK Runtime Environment (11.0.12+7) (build 11.0.12+7-b1504.28-7817840)
# Java VM: OpenJDK 64-Bit Server VM (11.0.12+7-b1504.28-7817840, mixed mode, tiered, compressed oops, g1 gc, windows-amd64)
Heap:
 garbage-first heap   total 196608K, used 93986K [0x0000000080000000, 0x0000000100000000)
  region size 1024K, 6 young (6144K), 6 survivors (6144K)
 Metaspace       used 102196K, capacity 104455K, committed 104664K, reserved 1153024K
  class space    used 13128K, capacity 13984K, committed 14080K, reserved 1048576K
GC Heap History (20 events):
Event: 110.039 GC heap before
{Heap before GC invocations=22 (full 0):
 garbage-first heap   total 196608K, used 162597K [0x0000000080000000, 0x0000000100000000)
  region size 1024K, 99 young (101376K), 7 survivors (7168K)
 Metaspace       used 80642K, capacity 82612K, committed 82816K, reserved 1120256K
  class space    used 10527K, capacity 11271K, committed 11392K, reserved 1048576K
}
Event: 110.049 GC heap after
{Heap after GC invocations=23 (full 0):
 garbage-first heap   total 196608K, used 71461K [0x0000000080000000, 0x0000000100000000)
  region size 1024K, 10 young (10240K), 10 survivors (10240K)
 Metaspace       used 80642K, capacity 82612K, committed 82816K, reserved 1120256K
  class space    used 10527K, capacity 11271K, committed 11392K, reserved 1048576K
}
Event: 120.546 GC heap before
{Heap before GC invocations=23 (full 0):
 garbage-first heap   total 196608K, used 163621K [0x0000000080000000, 0x0000000100000000)
  region size 1024K, 100 young (102400K), 10 survivors (10240K)
 Metaspace       used 84931K, capacity 86914K, committed 87168K, reserved 1124352K
  class space    used 11109K, capacity 11869K, committed 11904K, reserved 1048576K
}
Event: 120.558 GC heap after
{Heap after GC invocations=24 (full 0):
 garbage-first heap   total 196608K, used 73713K [0x0000000080000000, 0x0000000100000000)
  region size 1024K, 6 young (6144K), 6 survivors (6144K)
 Metaspace       used 84931K, capacity 86914K, committed 87168K, reserved 1124352K
  class space    used 11109K, capacity 11869K, committed 11904K, reserved 1048576K
}
Event: 133.119 GC heap before
{Heap before GC invocations=24 (full 0):
 garbage-first heap   total 196608K, used 164849K [0x0000000080000000, 0x0000000100000000)
  region size 1024K, 95 young (97280K), 6 survivors (6144K)
 Metaspace       used 88067K, capacity 90237K, committed 90496K, reserved 1128448K
  class space    used 11512K, capacity 12299K, committed 12416K, reserved 1048576K
}
Event: 133.133 GC heap after
{Heap after GC invocations=25 (full 0):
 garbage-first heap   total 196608K, used 79790K [0x0000000080000000, 0x0000000100000000)
  region size 1024K, 12 young (12288K), 12 survivors (12288K)
 Metaspace       used 88067K, capacity 90237K, committed 90496K, reserved 1128448K
  class space    used 11512K, capacity 12299K, committed 12416K, reserved 1048576K
}
Event: 151.251 GC heap before
{Heap before GC invocations=25 (full 0):
 garbage-first heap   total 196608K, used 162734K [0x0000000080000000, 0x0000000100000000)
  region size 1024K, 94 young (96256K), 12 survivors (12288K)
 Metaspace       used 89602K, capacity 91824K, committed 92032K, reserved 1128448K
  class space    used 11719K, capacity 12600K, committed 12672K, reserved 1048576K
}
Event: 151.280 GC heap after
{Heap after GC invocations=26 (full 0):
 garbage-first heap   total 196608K, used 84327K [0x0000000080000000, 0x0000000100000000)
  region size 1024K, 5 young (5120K), 5 survivors (5120K)
 Metaspace       used 89602K, capacity 91824K, committed 92032K, reserved 1128448K
  class space    used 11719K, capacity 12600K, committed 12672K, reserved 1048576K
}
Event: 158.818 GC heap before
{Heap before GC invocations=26 (full 0):
 garbage-first heap   total 196608K, used 162151K [0x0000000080000000, 0x0000000100000000)
  region size 1024K, 82 young (83968K), 5 survivors (5120K)
 Metaspace       used 91314K, capacity 93642K, committed 93952K, reserved 1130496K
  class space    used 11866K, capacity 12722K, committed 12800K, reserved 1048576K
}
Event: 158.832 GC heap after
{Heap after GC invocations=27 (full 0):
 garbage-first heap   total 196608K, used 85919K [0x0000000080000000, 0x0000000100000000)
  region size 1024K, 7 young (7168K), 7 survivors (7168K)
 Metaspace       used 91314K, capacity 93642K, committed 93952K, reserved 1130496K
  class space    used 11866K, capacity 12722K, committed 12800K, reserved 1048576K
}
Event: 168.568 GC heap before
{Heap before GC invocations=27 (full 0):
 garbage-first heap   total 196608K, used 162719K [0x0000000080000000, 0x0000000100000000)
  region size 1024K, 83 young (84992K), 7 survivors (7168K)
 Metaspace       used 93139K, capacity 95469K, committed 95744K, reserved 1132544K
  class space    used 12018K, capacity 12956K, committed 13056K, reserved 1048576K
}
Event: 168.585 GC heap after
{Heap after GC invocations=28 (full 0):
 garbage-first heap   total 196608K, used 88810K [0x0000000080000000, 0x0000000100000000)
  region size 1024K, 6 young (6144K), 6 survivors (6144K)
 Metaspace       used 93139K, capacity 95469K, committed 95744K, reserved 1132544K
  class space    used 12018K, capacity 12956K, committed 13056K, reserved 1048576K
}
Event: 184.311 GC heap before
{Heap before GC invocations=28 (full 0):
 garbage-first heap   total 196608K, used 164586K [0x0000000080000000, 0x0000000100000000)
  region size 1024K, 81 young (82944K), 6 survivors (6144K)
 Metaspace       used 95027K, capacity 97439K, committed 97664K, reserved 1134592K
  class space    used 12234K, capacity 13164K, committed 13184K, reserved 1048576K
}
Event: 184.317 GC heap after
{Heap after GC invocations=29 (full 0):
 garbage-first heap   total 196608K, used 88755K [0x0000000080000000, 0x0000000100000000)
  region size 1024K, 6 young (6144K), 6 survivors (6144K)
 Metaspace       used 95027K, capacity 97439K, committed 97664K, reserved 1134592K
  class space    used 12234K, capacity 13164K, committed 13184K, reserved 1048576K
}
Event: 185.409 GC heap before
{Heap before GC invocations=29 (full 0):
 garbage-first heap   total 196608K, used 160435K [0x0000000080000000, 0x0000000100000000)
  region size 1024K, 77 young (78848K), 6 survivors (6144K)
 Metaspace       used 97547K, capacity 99903K, committed 100056K, reserved 1136640K
  class space    used 12535K, capacity 13452K, committed 13568K, reserved 1048576K
}
Event: 185.418 GC heap after
{Heap after GC invocations=30 (full 0):
 garbage-first heap   total 196608K, used 91302K [0x0000000080000000, 0x0000000100000000)
  region size 1024K, 8 young (8192K), 8 survivors (8192K)
 Metaspace       used 97547K, capacity 99903K, committed 100056K, reserved 1136640K
  class space    used 12535K, capacity 13452K, committed 13568K, reserved 1048576K
}
Event: 186.783 GC heap before
{Heap before GC invocations=31 (full 0):
 garbage-first heap   total 196608K, used 166054K [0x0000000080000000, 0x0000000100000000)
  region size 1024K, 82 young (83968K), 8 survivors (8192K)
 Metaspace       used 100625K, capacity 102884K, committed 103256K, reserved 1138688K
  class space    used 12912K, capacity 13780K, committed 13952K, reserved 1048576K
}
Event: 186.796 GC heap after
{Heap after GC invocations=32 (full 0):
 garbage-first heap   total 196608K, used 93928K [0x0000000080000000, 0x0000000100000000)
  region size 1024K, 8 young (8192K), 8 survivors (8192K)
 Metaspace       used 100625K, capacity 102884K, committed 103256K, reserved 1138688K
  class space    used 12912K, capacity 13780K, committed 13952K, reserved 1048576K
}
Event: 187.111 GC heap before
{Heap before GC invocations=32 (full 0):
 garbage-first heap   total 196608K, used 116456K [0x0000000080000000, 0x0000000100000000)
  region size 1024K, 31 young (31744K), 8 survivors (8192K)
 Metaspace       used 102196K, capacity 104455K, committed 104664K, reserved 1150976K
  class space    used 13128K, capacity 13984K, committed 14080K, reserved 1048576K
}
Event: 187.120 GC heap after
{Heap after GC invocations=33 (full 0):
 garbage-first heap   total 196608K, used 93986K [0x0000000080000000, 0x0000000100000000)
  region size 1024K, 6 young (6144K), 6 survivors (6144K)
 Metaspace       used 102196K, capacity 104455K, committed 104664K, reserved 1150976K
  class space    used 13128K, capacity 13984K, committed 14080K, reserved 1048576K
}

