# JRE version: OpenJDK Runtime Environment (11.0.12+7) (build 11.0.12+7-b1504.28-7817840)
# Java VM: OpenJDK 64-Bit Server VM (11.0.12+7-b1504.28-7817840, mixed mode, tiered, compressed oops, g1 gc, windows-amd64)
Heap:
 garbage-first heap   total 488448K, used 253774K [0x0000000080000000, 0x0000000100000000)
  region size 1024K, 7 young (7168K), 7 survivors (7168K)
 Metaspace       used 119147K, capacity 122328K, committed 122584K, reserved 1155072K
  class space    used 15142K, capacity 16407K, committed 16640K, reserved 1048576K
GC Heap History (20 events):
Event: 176.907 GC heap before
{Heap before GC invocations=136 (full 0):
 garbage-first heap   total 342016K, used 288430K [0x0000000080000000, 0x0000000100000000)
  region size 1024K, 59 young (60416K), 9 survivors (9216K)
 Metaspace       used 119121K, capacity 122257K, committed 122584K, reserved 1155072K
  class space    used 15142K, capacity 16406K, committed 16640K, reserved 1048576K
}
Event: 176.919 GC heap after
{Heap after GC invocations=137 (full 0):
 garbage-first heap   total 342016K, used 240933K [0x0000000080000000, 0x0000000100000000)
  region size 1024K, 4 young (4096K), 4 survivors (4096K)
 Metaspace       used 119121K, capacity 122257K, committed 122584K, reserved 1155072K
  class space    used 15142K, capacity 16406K, committed 16640K, reserved 1048576K
}
Event: 177.063 GC heap before
{Heap before GC invocations=137 (full 0):
 garbage-first heap   total 342016K, used 291109K [0x0000000080000000, 0x0000000100000000)
  region size 1024K, 53 young (54272K), 4 survivors (4096K)
 Metaspace       used 119122K, capacity 122257K, committed 122584K, reserved 1155072K
  class space    used 15142K, capacity 16406K, committed 16640K, reserved 1048576K
}
Event: 177.069 GC heap after
{Heap after GC invocations=138 (full 0):
 garbage-first heap   total 342016K, used 241119K [0x0000000080000000, 0x0000000100000000)
  region size 1024K, 4 young (4096K), 4 survivors (4096K)
 Metaspace       used 119122K, capacity 122257K, committed 122584K, reserved 1155072K
  class space    used 15142K, capacity 16406K, committed 16640K, reserved 1048576K
}
Event: 177.241 GC heap before
{Heap before GC invocations=138 (full 0):
 garbage-first heap   total 342016K, used 293343K [0x0000000080000000, 0x0000000100000000)
  region size 1024K, 55 young (56320K), 4 survivors (4096K)
 Metaspace       used 119122K, capacity 122257K, committed 122584K, reserved 1155072K
  class space    used 15142K, capacity 16406K, committed 16640K, reserved 1048576K
}
Event: 177.246 GC heap after
{Heap after GC invocations=139 (full 0):
 garbage-first heap   total 342016K, used 241540K [0x0000000080000000, 0x0000000100000000)
  region size 1024K, 4 young (4096K), 4 survivors (4096K)
 Metaspace       used 119122K, capacity 122257K, committed 122584K, reserved 1155072K
  class space    used 15142K, capacity 16406K, committed 16640K, reserved 1048576K
}
Event: 177.455 GC heap before
{Heap before GC invocations=139 (full 0):
 garbage-first heap   total 342016K, used 294788K [0x0000000080000000, 0x0000000100000000)
  region size 1024K, 56 young (57344K), 4 survivors (4096K)
 Metaspace       used 119124K, capacity 122257K, committed 122584K, reserved 1155072K
  class space    used 15142K, capacity 16406K, committed 16640K, reserved 1048576K
}
Event: 177.462 GC heap after
{Heap after GC invocations=140 (full 0):
 garbage-first heap   total 342016K, used 242820K [0x0000000080000000, 0x0000000100000000)
  region size 1024K, 3 young (3072K), 3 survivors (3072K)
 Metaspace       used 119124K, capacity 122257K, committed 122584K, reserved 1155072K
  class space    used 15142K, capacity 16406K, committed 16640K, reserved 1048576K
}
Event: 177.715 GC heap before
{Heap before GC invocations=140 (full 0):
 garbage-first heap   total 342016K, used 296068K [0x0000000080000000, 0x0000000100000000)
  region size 1024K, 55 young (56320K), 3 survivors (3072K)
 Metaspace       used 119133K, capacity 122259K, committed 122584K, reserved 1155072K
  class space    used 15142K, capacity 16406K, committed 16640K, reserved 1048576K
}
Event: 177.721 GC heap after
{Heap after GC invocations=141 (full 0):
 garbage-first heap   total 342016K, used 245410K [0x0000000080000000, 0x0000000100000000)
  region size 1024K, 6 young (6144K), 6 survivors (6144K)
 Metaspace       used 119133K, capacity 122259K, committed 122584K, reserved 1155072K
  class space    used 15142K, capacity 16406K, committed 16640K, reserved 1048576K
}
Event: 177.910 GC heap before
{Heap before GC invocations=141 (full 0):
 garbage-first heap   total 342016K, used 296610K [0x0000000080000000, 0x0000000100000000)
  region size 1024K, 56 young (57344K), 6 survivors (6144K)
 Metaspace       used 119134K, capacity 122259K, committed 122584K, reserved 1155072K
  class space    used 15142K, capacity 16406K, committed 16640K, reserved 1048576K
}
Event: 177.919 GC heap after
{Heap after GC invocations=142 (full 0):
 garbage-first heap   total 342016K, used 247667K [0x0000000080000000, 0x0000000100000000)
  region size 1024K, 6 young (6144K), 6 survivors (6144K)
 Metaspace       used 119134K, capacity 122259K, committed 122584K, reserved 1155072K
  class space    used 15142K, capacity 16406K, committed 16640K, reserved 1048576K
}
Event: 178.075 GC heap before
{Heap before GC invocations=142 (full 0):
 garbage-first heap   total 342016K, used 297843K [0x0000000080000000, 0x0000000100000000)
  region size 1024K, 55 young (56320K), 6 survivors (6144K)
 Metaspace       used 119134K, capacity 122259K, committed 122584K, reserved 1155072K
  class space    used 15142K, capacity 16406K, committed 16640K, reserved 1048576K
}
Event: 178.085 GC heap after
{Heap after GC invocations=143 (full 0):
 garbage-first heap   total 342016K, used 250588K [0x0000000080000000, 0x0000000100000000)
  region size 1024K, 6 young (6144K), 6 survivors (6144K)
 Metaspace       used 119134K, capacity 122259K, committed 122584K, reserved 1155072K
  class space    used 15142K, capacity 16406K, committed 16640K, reserved 1048576K
}
Event: 178.215 GC heap before
{Heap before GC invocations=143 (full 0):
 garbage-first heap   total 342016K, used 298716K [0x0000000080000000, 0x0000000100000000)
  region size 1024K, 53 young (54272K), 6 survivors (6144K)
 Metaspace       used 119136K, capacity 122259K, committed 122584K, reserved 1155072K
  class space    used 15142K, capacity 16406K, committed 16640K, reserved 1048576K
}
Event: 178.222 GC heap after
{Heap after GC invocations=144 (full 0):
 garbage-first heap   total 342016K, used 249956K [0x0000000080000000, 0x0000000100000000)
  region size 1024K, 3 young (3072K), 3 survivors (3072K)
 Metaspace       used 119136K, capacity 122259K, committed 122584K, reserved 1155072K
  class space    used 15142K, capacity 16406K, committed 16640K, reserved 1048576K
}
Event: 178.351 GC heap before
{Heap before GC invocations=144 (full 0):
 garbage-first heap   total 342016K, used 299108K [0x0000000080000000, 0x0000000100000000)
  region size 1024K, 51 young (52224K), 3 survivors (3072K)
 Metaspace       used 119137K, capacity 122259K, committed 122584K, reserved 1155072K
  class space    used 15142K, capacity 16406K, committed 16640K, reserved 1048576K
}
Event: 178.357 GC heap after
{Heap after GC invocations=145 (full 0):
 garbage-first heap   total 420864K, used 250176K [0x0000000080000000, 0x0000000100000000)
  region size 1024K, 3 young (3072K), 3 survivors (3072K)
 Metaspace       used 119137K, capacity 122259K, committed 122584K, reserved 1155072K
  class space    used 15142K, capacity 16406K, committed 16640K, reserved 1048576K
}
Event: 178.643 GC heap before
{Heap before GC invocations=145 (full 0):
 garbage-first heap   total 420864K, used 339264K [0x0000000080000000, 0x0000000100000000)
  region size 1024K, 90 young (92160K), 3 survivors (3072K)
 Metaspace       used 119138K, capacity 122260K, committed 122584K, reserved 1155072K
  class space    used 15142K, capacity 16406K, committed 16640K, reserved 1048576K
}
Event: 178.648 GC heap after
{Heap after GC invocations=146 (full 0):
 garbage-first heap   total 420864K, used 251102K [0x0000000080000000, 0x0000000100000000)
  region size 1024K, 4 young (4096K), 4 survivors (4096K)
 Metaspace       used 119138K, capacity 122260K, committed 122584K, reserved 1155072K
  class space    used 15142K, capacity 16406K, committed 16640K, reserved 1048576K
}

